<?xml version="1.0" encoding="UTF-8"?>
<!-- Generated by org.testng.reporters.JUnitReportReporter -->
<testsuite skipped="0" hostname="shupa144" name="com.automate.automation.testcase.linkedin.LinkedInJobTestcase" tests="2" failures="0" timestamp="22 Aug 2019 05:51:36 GMT" time="28.109" errors="0">
  <testcase name="Linkedin_1" time="9.922" classname="com.automate.automation.testcase.linkedin.LinkedInJobTestcase"/>
  <testcase name="JobTab" time="18.187" classname="com.automate.automation.testcase.linkedin.LinkedInJobTestcase"/>
</testsuite> <!-- com.automate.automation.testcase.linkedin.LinkedInJobTestcase -->
