<?xml version="1.0" encoding="UTF-8"?>
<!-- Generated by org.testng.reporters.JUnitReportReporter -->
<testsuite skipped="0" hostname="shupa144" name="com.automate.automation.testcase.ovenstory.OvenStoryTestcase" tests="3" failures="0" timestamp="25 Aug 2019 13:14:41 GMT" time="96.339" errors="0">
  <testcase name="TestCase1" time="31.056" classname="com.automate.automation.testcase.ovenstory.OvenStoryTestcase"/>
  <testcase name="TestCase3" time="32.056" classname="com.automate.automation.testcase.ovenstory.OvenStoryTestcase"/>
  <testcase name="TestCase2" time="33.227" classname="com.automate.automation.testcase.ovenstory.OvenStoryTestcase"/>
</testsuite> <!-- com.automate.automation.testcase.ovenstory.OvenStoryTestcase -->
