<?xml version="1.0" encoding="UTF-8"?>
<!-- Generated by org.testng.reporters.JUnitReportReporter -->
<testsuite skipped="0" hostname="shupa144" name="com.automate.TestNGTest" tests="2" failures="0" timestamp="22 Aug 2019 05:40:46 GMT" time="0.011" errors="0">
  <testcase name="m1" time="0.010" classname="com.automate.TestNGTest"/>
  <testcase name="m21" time="0.001" classname="com.automate.TestNGTest"/>
</testsuite> <!-- com.automate.TestNGTest -->
