<?xml version="1.0" encoding="UTF-8"?>
<!-- Generated by org.testng.reporters.JUnitReportReporter -->
<testsuite skipped="2" hostname="shupa144" name="com.automate.automation.testcase.ovenstory.OvenStoryTestcase" tests="3" failures="0" timestamp="25 Aug 2019 13:07:07 GMT" time="26.465" errors="0">
  <testcase name="TestCase1" time="26.465" classname="com.automate.automation.testcase.ovenstory.OvenStoryTestcase"/>
  <testcase name="TestCase3" classname="com.automate.automation.testcase.ovenstory.OvenStoryTestcase">
    <skipped/>
  </testcase> <!-- TestCase3 -->
  <testcase name="TestCase2" classname="com.automate.automation.testcase.ovenstory.OvenStoryTestcase">
    <skipped/>
  </testcase> <!-- TestCase2 -->
</testsuite> <!-- com.automate.automation.testcase.ovenstory.OvenStoryTestcase -->
